<?xml version="1.0" encoding="UTF-8"?>
<!-- Generated by org.testng.reporters.JUnitReportReporter -->
<testsuite name="testScripts.s101SearchForAProduct" tests="1" time="21.100" ignored="0" failures="0" timestamp="02 Mar 2017 03:10:07 GMT" skipped="0" hostname="LAPTOP-1GO1DFJH" errors="0">
  <testcase name="s101SearchForAProductTest" time="21.100" classname="testScripts.s101SearchForAProduct"/>
</testsuite> <!-- testScripts.s101SearchForAProduct -->
