<?xml version="1.0" encoding="UTF-8"?>
<!-- Generated by org.testng.reporters.JUnitReportReporter -->
<testsuite name="testScripts.s102SearchForProductAndVerifyPLP" tests="1" time="39.362" ignored="0" failures="0" timestamp="02 Mar 2017 03:10:07 GMT" skipped="0" hostname="LAPTOP-1GO1DFJH" errors="0">
  <testcase name="s102SearchForProductAndVerifyPLPTest" time="39.362" classname="testScripts.s102SearchForProductAndVerifyPLP"/>
</testsuite> <!-- testScripts.s102SearchForProductAndVerifyPLP -->
