<?xml version="1.0" encoding="UTF-8"?>
<!-- Generated by org.testng.reporters.JUnitReportReporter -->
<testsuite hostname="LAPTOP-1GO1DFJH" name="testScripts.s101SearchForAProduct" tests="1" failures="0" timestamp="18 Jun 2017 23:36:32 GMT" time="34.552" errors="0">
  <testcase name="s101SearchForAProductTest" time="34.552" classname="testScripts.s101SearchForAProduct"/>
</testsuite> <!-- testScripts.s101SearchForAProduct -->
