<?xml version="1.0" encoding="UTF-8"?>
<!-- Generated by org.testng.reporters.JUnitReportReporter -->
<testsuite hostname="LAPTOP-1GO1DFJH" name="testScripts.s101SearchForAProduct" tests="1" failures="0" timestamp="1 Mar 2017 00:31:33 GMT" time="22.208" errors="0">
  <testcase name="s101SearchForAProductTest" time="22.208" classname="testScripts.s101SearchForAProduct"/>
</testsuite> <!-- testScripts.s101SearchForAProduct -->
