<?xml version="1.0" encoding="UTF-8"?>
<!-- Generated by org.testng.reporters.JUnitReportReporter -->
<testsuite hostname="LAPTOP-1GO1DFJH" name="testScripts.s102SearchForProductAndVerifyPLP" tests="1" failures="0" timestamp="1 Mar 2017 01:04:25 GMT" time="31.102" errors="0">
  <testcase name="s102SearchForProductAndVerifyPLPTest" time="31.102" classname="testScripts.s102SearchForProductAndVerifyPLP"/>
</testsuite> <!-- testScripts.s102SearchForProductAndVerifyPLP -->
